  main.cpp
C:\Users\Sebas\source\repos\OpenGL_Project\OpenGL_Project\main.cpp(70,11): warning C4244: '=': conversion from 'const double' to 'float', possible loss of data
C:\Users\Sebas\source\repos\OpenGL_Project\OpenGL_Project\main.cpp(71,11): warning C4244: '=': conversion from 'const double' to 'float', possible loss of data
C:\Users\Sebas\source\repos\OpenGL_Project\OpenGL_Project\main.cpp(75,17): warning C4244: 'initializing': conversion from 'double' to 'float', possible loss of data
C:\Users\Sebas\source\repos\OpenGL_Project\OpenGL_Project\main.cpp(76,17): warning C4244: 'initializing': conversion from 'double' to 'float', possible loss of data
C:\Users\Sebas\source\repos\OpenGL_Project\OpenGL_Project\main.cpp(77,10): warning C4244: '=': conversion from 'const double' to 'float', possible loss of data
C:\Users\Sebas\source\repos\OpenGL_Project\OpenGL_Project\main.cpp(78,10): warning C4244: '=': conversion from 'const double' to 'float', possible loss of data
C:\Users\Sebas\source\repos\OpenGL_Project\OpenGL_Project\main.cpp(85,37): warning C4244: 'argument': conversion from 'double' to 'const float', possible loss of data
C:\Users\Sebas\source\repos\OpenGL_Project\OpenGL_Project\main.cpp(210,36): warning C4244: 'initializing': conversion from 'float' to 'int', possible loss of data
C:\Users\Sebas\source\repos\OpenGL_Project\OpenGL_Project\main.cpp(220,23): warning C4244: 'argument': conversion from 'float' to 'int', possible loss of data
C:\Users\Sebas\source\repos\OpenGL_Project\OpenGL_Project\main.cpp(220,10): warning C4244: '=': conversion from 'T' to 'int', possible loss of data
C:\Users\Sebas\source\repos\OpenGL_Project\OpenGL_Project\main.cpp(220,10): warning C4244:         with
C:\Users\Sebas\source\repos\OpenGL_Project\OpenGL_Project\main.cpp(220,10): warning C4244:         [
C:\Users\Sebas\source\repos\OpenGL_Project\OpenGL_Project\main.cpp(220,10): warning C4244:             T=float
C:\Users\Sebas\source\repos\OpenGL_Project\OpenGL_Project\main.cpp(220,10): warning C4244:         ]
C:\Users\Sebas\source\repos\OpenGL_Project\OpenGL_Project\main.cpp(296,12): warning C4244: 'return': conversion from 'double' to 'float', possible loss of data
C:\Users\Sebas\source\repos\OpenGL_Project\OpenGL_Project\main.cpp(301,12): warning C4244: 'return': conversion from 'double' to 'float', possible loss of data
C:\Users\Sebas\source\repos\OpenGL_Project\OpenGL_Project\main.cpp(344,21): warning C4477: 'fprintf' : format string '%d' requires an argument of type 'int', but variadic argument 1 has type 'unsigned __int64'
  C:\Users\Sebas\source\repos\OpenGL_Project\OpenGL_Project\main.cpp(344,21):
  consider using '%zd' in the format string
  
C:\Users\Sebas\source\repos\OpenGL_Project\OpenGL_Project\main.cpp(360,44): warning C4267: 'argument': conversion from 'size_t' to '_Ty', possible loss of data
C:\Users\Sebas\source\repos\OpenGL_Project\OpenGL_Project\main.cpp(360,44): warning C4267:         with
C:\Users\Sebas\source\repos\OpenGL_Project\OpenGL_Project\main.cpp(360,44): warning C4267:         [
C:\Users\Sebas\source\repos\OpenGL_Project\OpenGL_Project\main.cpp(360,44): warning C4267:             _Ty=unsigned int
C:\Users\Sebas\source\repos\OpenGL_Project\OpenGL_Project\main.cpp(360,44): warning C4267:         ]
C:\Users\Sebas\source\repos\OpenGL_Project\OpenGL_Project\main.cpp(368,44): warning C4267: 'argument': conversion from 'size_t' to '_Ty', possible loss of data
C:\Users\Sebas\source\repos\OpenGL_Project\OpenGL_Project\main.cpp(368,44): warning C4267:         with
C:\Users\Sebas\source\repos\OpenGL_Project\OpenGL_Project\main.cpp(368,44): warning C4267:         [
C:\Users\Sebas\source\repos\OpenGL_Project\OpenGL_Project\main.cpp(368,44): warning C4267:             _Ty=unsigned int
C:\Users\Sebas\source\repos\OpenGL_Project\OpenGL_Project\main.cpp(368,44): warning C4267:         ]
C:\Users\Sebas\source\repos\OpenGL_Project\OpenGL_Project\main.cpp(389,47): warning C4267: 'argument': conversion from 'size_t' to 'GLsizei', possible loss of data
C:\Users\Sebas\source\repos\OpenGL_Project\OpenGL_Project\main.cpp(473,46): warning C4267: 'argument': conversion from 'size_t' to 'GLsizei', possible loss of data
C:\Users\Sebas\source\repos\OpenGL_Project\OpenGL_Project\main.cpp(557,44): warning C4267: 'argument': conversion from 'size_t' to 'GLsizei', possible loss of data
C:\Users\Sebas\source\repos\OpenGL_Project\OpenGL_Project\main.cpp(593,35): warning C4267: 'argument': conversion from 'size_t' to '_Ty', possible loss of data
C:\Users\Sebas\source\repos\OpenGL_Project\OpenGL_Project\main.cpp(593,35): warning C4267:         with
C:\Users\Sebas\source\repos\OpenGL_Project\OpenGL_Project\main.cpp(593,35): warning C4267:         [
C:\Users\Sebas\source\repos\OpenGL_Project\OpenGL_Project\main.cpp(593,35): warning C4267:             _Ty=unsigned int
C:\Users\Sebas\source\repos\OpenGL_Project\OpenGL_Project\main.cpp(593,35): warning C4267:         ]
C:\Users\Sebas\source\repos\OpenGL_Project\OpenGL_Project\main.cpp(602,13): warning C4244: 'initializing': conversion from 'double' to 'int', possible loss of data
C:\Users\Sebas\source\repos\OpenGL_Project\OpenGL_Project\main.cpp(635,42): warning C4267: 'argument': conversion from 'size_t' to 'GLsizei', possible loss of data
LINK : warning LNK4098: defaultlib 'MSVCRT' conflicts with use of other libs; use /NODEFAULTLIB:library
  OpenGL_Project.vcxproj -> C:\Users\Sebas\source\repos\OpenGL_Project\x64\Debug\OpenGL_Project.exe
